android/Pandora_Android_Payment/proguard/seeds.txt
io.dcloud.pandora.payment.R$attr: int actionSheetBackground
io.dcloud.pandora.payment.R$attr: int actionSheetPadding
io.dcloud.pandora.payment.R$attr: int actionSheetStyle
io.dcloud.pandora.payment.R$attr: int actionSheetTextSize
io.dcloud.pandora.payment.R$attr: int cancelButtonBackground
io.dcloud.pandora.payment.R$attr: int cancelButtonMarginTop
io.dcloud.pandora.payment.R$attr: int cancelButtonTextColor
io.dcloud.pandora.payment.R$attr: int destructiveButtonTextColor
io.dcloud.pandora.payment.R$attr: int otherButtonBottomBackground
io.dcloud.pandora.payment.R$attr: int otherButtonMiddleBackground
io.dcloud.pandora.payment.R$attr: int otherButtonSingleBackground
io.dcloud.pandora.payment.R$attr: int otherButtonSpacing
io.dcloud.pandora.payment.R$attr: int otherButtonTextColor
io.dcloud.pandora.payment.R$attr: int otherButtonTitleBackground
io.dcloud.pandora.payment.R$attr: int otherButtonTopBackground
io.dcloud.pandora.payment.R$attr: int titleButtonTextColor
io.dcloud.pandora.payment.R$drawable: int actionsheet_bottom_normal
io.dcloud.pandora.payment.R$drawable: int actionsheet_bottom_pressed
io.dcloud.pandora.payment.R$drawable: int actionsheet_middle_normal
io.dcloud.pandora.payment.R$drawable: int actionsheet_middle_pressed
io.dcloud.pandora.payment.R$drawable: int actionsheet_single_normal
io.dcloud.pandora.payment.R$drawable: int actionsheet_single_pressed
io.dcloud.pandora.payment.R$drawable: int actionsheet_top_normal
io.dcloud.pandora.payment.R$drawable: int actionsheet_top_pressed
io.dcloud.pandora.payment.R$drawable: int as_bg_ios6
io.dcloud.pandora.payment.R$drawable: int as_cancel_bt_bg
io.dcloud.pandora.payment.R$drawable: int as_other_bt_bg
io.dcloud.pandora.payment.R$drawable: int icon
io.dcloud.pandora.payment.R$drawable: int line
io.dcloud.pandora.payment.R$drawable: int navbg
io.dcloud.pandora.payment.R$drawable: int pressbg
io.dcloud.pandora.payment.R$drawable: int push
io.dcloud.pandora.payment.R$drawable: int search
io.dcloud.pandora.payment.R$drawable: int slt_as_ios7_cancel_bt
io.dcloud.pandora.payment.R$drawable: int slt_as_ios7_other_bt_bottom
io.dcloud.pandora.payment.R$drawable: int slt_as_ios7_other_bt_middle
io.dcloud.pandora.payment.R$drawable: int slt_as_ios7_other_bt_single
io.dcloud.pandora.payment.R$drawable: int slt_as_ios7_other_bt_title
io.dcloud.pandora.payment.R$drawable: int slt_as_ios7_other_bt_top
io.dcloud.pandora.payment.R$drawable: int snow_black
io.dcloud.pandora.payment.R$id: int app_logo
io.dcloud.pandora.payment.R$id: int app_logo_province
io.dcloud.pandora.payment.R$id: int app_name
io.dcloud.pandora.payment.R$id: int app_name_title
io.dcloud.pandora.payment.R$id: int app_need_size
io.dcloud.pandora.payment.R$id: int app_progress
io.dcloud.pandora.payment.R$id: int app_size
io.dcloud.pandora.payment.R$id: int app_version
io.dcloud.pandora.payment.R$id: int click_down
io.dcloud.pandora.payment.R$id: int click_down_img
io.dcloud.pandora.payment.R$id: int click_upload
io.dcloud.pandora.payment.R$id: int close
io.dcloud.pandora.payment.R$id: int down_click_linearLayout
io.dcloud.pandora.payment.R$id: int downlaod_progress_horizontal
io.dcloud.pandora.payment.R$id: int download_app_name
io.dcloud.pandora.payment.R$id: int download_app_version
io.dcloud.pandora.payment.R$id: int download_icon
io.dcloud.pandora.payment.R$id: int download_layout
io.dcloud.pandora.payment.R$id: int download_name
io.dcloud.pandora.payment.R$id: int m_background
io.dcloud.pandora.payment.R$id: int manage_app
io.dcloud.pandora.payment.R$id: int maybe
io.dcloud.pandora.payment.R$id: int maybe_list
io.dcloud.pandora.payment.R$id: int next_time
io.dcloud.pandora.payment.R$id: int notification_background
io.dcloud.pandora.payment.R$id: int notification_diffsize
io.dcloud.pandora.payment.R$id: int notification_fullsize
io.dcloud.pandora.payment.R$id: int notification_icon
io.dcloud.pandora.payment.R$id: int notification_layout
...
io.dcloud.adapter.ui.fresh.ILoadingLayout
io.dcloud.adapter.ui.fresh.ILoadingLayout: void setState(io.dcloud.adapter.ui.fresh.ILoadingLayout$State)
io.dcloud.adapter.ui.fresh.ILoadingLayout: io.dcloud.adapter.ui.fresh.ILoadingLayout$State getState()
io.dcloud.adapter.ui.fresh.ILoadingLayout: int getContentSize()
io.dcloud.adapter.ui.fresh.ILoadingLayout: void onPull(float)
io.dcloud.adapter.ui.fresh.ILoadingLayout$State
io.dcloud.adapter.ui.fresh.ILoadingLayout$State: io.dcloud.adapter.ui.fresh.ILoadingLayout$State NONE
io.dcloud.adapter.ui.fresh.ILoadingLayout$State: io.dcloud.adapter.ui.fresh.ILoadingLayout$State RESET
io.dcloud.adapter.ui.fresh.ILoadingLayout$State: io.dcloud.adapter.ui.fresh.ILoadingLayout$State PULL_TO_REFRESH
io.dcloud.adapter.ui.fresh.ILoadingLayout$State: io.dcloud.adapter.ui.fresh.ILoadingLayout$State RELEASE_TO_REFRESH
io.dcloud.adapter.ui.fresh.ILoadingLayout$State: io.dcloud.adapter.ui.fresh.ILoadingLayout$State REFRESHING
io.dcloud.adapter.ui.fresh.ILoadingLayout$State: io.dcloud.adapter.ui.fresh.ILoadingLayout$State LOADING
io.dcloud.adapter.ui.fresh.ILoadingLayout$State: io.dcloud.adapter.ui.fresh.ILoadingLayout$State NO_MORE_DATA
io.dcloud.adapter.ui.fresh.ILoadingLayout$State: io.dcloud.adapter.ui.fresh.ILoadingLayout$State[] $VALUES
io.dcloud.adapter.ui.fresh.ILoadingLayout$State: io.dcloud.adapter.ui.fresh.ILoadingLayout$State[] values()
io.dcloud.adapter.ui.fresh.ILoadingLayout$State: io.dcloud.adapter.ui.fresh.ILoadingLayout$State valueOf(java.lang.String)
io.dcloud.adapter.ui.fresh.ILoadingLayout$State: ILoadingLayout$State(java.lang.String,int)
io.dcloud.adapter.ui.fresh.ILoadingLayout$State: void <clinit>()
io.dcloud.adapter.ui.fresh.IPullToRefresh
io.dcloud.adapter.ui.fresh.IPullToRefresh: void setPullRefreshEnabled(boolean)
io.dcloud.adapter.ui.fresh.IPullToRefresh: void setPullLoadEnabled(boolean)
io.dcloud.adapter.ui.fresh.IPullToRefresh: void setScrollLoadEnabled(boolean)
io.dcloud.adapter.ui.fresh.IPullToRefresh: boolean isPullRefreshEnabled()
io.dcloud.adapter.ui.fresh.IPullToRefresh: boolean isPullLoadEnabled()
io.dcloud.adapter.ui.fresh.IPullToRefresh: boolean isScrollLoadEnabled()
io.dcloud.adapter.ui.fresh.IPullToRefresh: void setOnRefreshListener(io.dcloud.adapter.ui.fresh.PullToRefreshBase$OnRefreshListener)
io.dcloud.adapter.ui.fresh.IPullToRefresh: void onPullDownRefreshComplete()
io.dcloud.adapter.ui.fresh.IPullToRefresh: void onPullUpRefreshComplete()
io.dcloud.adapter.ui.fresh.IPullToRefresh: android.view.View getRefreshableView()
io.dcloud.adapter.ui.fresh.IPullToRefresh: io.dcloud.adapter.ui.fresh.LoadingLayout getHeaderLoadingLayout()
io.dcloud.adapter.ui.fresh.IPullToRefresh: io.dcloud.adapter.ui.fresh.LoadingLayout getFooterLoadingLayout()
io.dcloud.adapter.ui.fresh.IPullToRefresh: void setLastUpdatedLabel(java.lang.CharSequence)