android/Pandora_Android_Payment/proguard/mapping.txt
io.dcloud.pandora.payment.R -> io.dcloud.f.a.a:
io.dcloud.pandora.payment.R$styleable -> io.dcloud.f.a.a$a:
    int[] ActionSheet -> ActionSheet
    int ActionSheet_actionSheetBackground -> ActionSheet_actionSheetBackground
    int ActionSheet_actionSheetPadding -> ActionSheet_actionSheetPadding
    int ActionSheet_actionSheetTextSize -> ActionSheet_actionSheetTextSize
    int ActionSheet_cancelButtonBackground -> ActionSheet_cancelButtonBackground
    int ActionSheet_cancelButtonMarginTop -> ActionSheet_cancelButtonMarginTop
    int ActionSheet_cancelButtonTextColor -> ActionSheet_cancelButtonTextColor
    int ActionSheet_destructiveButtonTextColor -> ActionSheet_destructiveButtonTextColor
    int ActionSheet_otherButtonBottomBackground -> ActionSheet_otherButtonBottomBackground
    int ActionSheet_otherButtonMiddleBackground -> ActionSheet_otherButtonMiddleBackground
    int ActionSheet_otherButtonSingleBackground -> ActionSheet_otherButtonSingleBackground
    int ActionSheet_otherButtonSpacing -> ActionSheet_otherButtonSpacing
    int ActionSheet_otherButtonTextColor -> ActionSheet_otherButtonTextColor
    int ActionSheet_otherButtonTitleBackground -> ActionSheet_otherButtonTitleBackground
    int ActionSheet_otherButtonTopBackground -> ActionSheet_otherButtonTopBackground
    int ActionSheet_titleButtonTextColor -> ActionSheet_titleButtonTextColor
    int[] ActionSheets -> ActionSheets
    int ActionSheets_actionSheetStyle -> ActionSheets_actionSheetStyle
...
com.alipay.sdk.app.H5AuthActivity$MyWebViewClient$1 -> com.alipay.sdk.app.m:
    android.webkit.SslErrorHandler a -> a
    com.alipay.sdk.app.H5AuthActivity$MyWebViewClient b -> b
    259:282:void run() -> run
com.alipay.sdk.app.H5AuthActivity$MyWebViewClient$1$1 -> com.alipay.sdk.app.n:
    com.alipay.sdk.app.H5AuthActivity$MyWebViewClient$1 a -> a
    267:270:void onClick(android.content.DialogInterface,int) -> onClick
com.alipay.sdk.app.H5AuthActivity$MyWebViewClient$1$2 -> com.alipay.sdk.app.o:
    com.alipay.sdk.app.H5AuthActivity$MyWebViewClient$1 a -> a
    276:280:void onClick(android.content.DialogInterface,int) -> onClick
com.alipay.sdk.app.H5AuthActivity$MyWebViewClient$2 -> com.alipay.sdk.app.p:
    com.alipay.sdk.app.H5AuthActivity$MyWebViewClient a -> a
    335:336:void run() -> run
com.alipay.sdk.app.H5PayActivity -> com.alipay.sdk.app.H5PayActivity:
    android.webkit.WebView a -> a
    com.alipay.sdk.widget.Loading b -> b
    android.os.Handler c -> c
    boolean d -> d
    boolean e -> e
    java.lang.Runnable f -> f
    53:132:void onCreate(android.os.Bundle) -> onCreate
    136:149:void onBackPressed() -> onBackPressed
    153:155:void finish() -> finish
    171:172:void onConfigurationChanged(android.content.res.Configuration) -> onConfigurationChanged
    39:39:boolean a(com.alipay.sdk.app.H5PayActivity) -> a
    39:39:boolean b(com.alipay.sdk.app.H5PayActivity) -> b
    39:39:boolean a(com.alipay.sdk.app.H5PayActivity,boolean) -> a
    39:39:void c(com.alipay.sdk.app.H5PayActivity) -> c
    39:39:java.lang.Runnable d(com.alipay.sdk.app.H5PayActivity) -> d
    39:39:android.os.Handler e(com.alipay.sdk.app.H5PayActivity) -> e
    39:39:void f(com.alipay.sdk.app.H5PayActivity) -> f
com.alipay.sdk.app.H5PayActivity$1 -> com.alipay.sdk.app.q:
    com.alipay.sdk.app.H5PayActivity a -> a
    469:470:void run() -> run
com.alipay.sdk.app.H5PayActivity$MyWebChromeClient -> com.alipay.sdk.app.H5PayActivity$a:
    com.alipay.sdk.app.H5PayActivity a -> a
    382:405:boolean onJsAlert(android.webkit.WebView,java.lang.String,java.lang.String,android.webkit.JsResult) -> onJsAlert
    411:433:boolean onJsConfirm(android.webkit.WebView,java.lang.String,java.lang.String,android.webkit.JsResult) -> onJsConfirm
    439:461:boolean onJsPrompt(android.webkit.WebView,java.lang.String,java.lang.String,java.lang.String,android.webkit.JsPromptResult) -> onJsPrompt
com.alipay.sdk.app.H5PayActivity$MyWebChromeClient$1 -> com.alipay.sdk.app.r:
    android.webkit.JsResult a -> a
    com.alipay.sdk.app.H5PayActivity$MyWebChromeClient b -> b
    401:402:void onClick(android.content.DialogInterface,int) -> onClick
com.alipay.sdk.app.H5PayActivity$MyWebChromeClient$2 -> com.alipay.sdk.app.s:
    android.webkit.JsResult a -> a
    com.alipay.sdk.app.H5PayActivity$MyWebChromeClient b -> b
    392:393:void onClick(android.content.DialogInterface,int) -> onClick
com.alipay.sdk.app.H5PayActivity$MyWebChromeClient$3 -> com.alipay.sdk.app.t:
    android.webkit.JsResult a -> a
    com.alipay.sdk.app.H5PayActivity$MyWebChromeClient b -> b
    430:431:void onClick(android.content.DialogInterface,int) -> onClick
com.alipay.sdk.app.H5PayActivity$MyWebChromeClient$4 -> com.alipay.sdk.app.u:
    android.webkit.JsResult a -> a
    com.alipay.sdk.app.H5PayActivity$MyWebChromeClient b -> b
    421:422:void onClick(android.content.DialogInterface,int) -> onClick
com.alipay.sdk.app.H5PayActivity$MyWebChromeClient$5 -> com.alipay.sdk.app.v:
    android.webkit.JsPromptResult a -> a
    com.alipay.sdk.app.H5PayActivity$MyWebChromeClient b -> b
    458:459:void onClick(android.content.DialogInterface,int) -> onClick
com.alipay.sdk.app.H5PayActivity$MyWebChromeClient$6 -> com.alipay.sdk.app.w:
    android.webkit.JsPromptResult a -> a
    com.alipay.sdk.app.H5PayActivity$MyWebChromeClient b -> b
    449:450:void onClick(android.content.DialogInterface,int) -> onClick