android/Pandora_Android_Payment/proguard/usage.txt
io.dcloud.pandora.payment.BuildConfig
io.dcloud.pandora.payment.R:
    10:10:public R()
io.dcloud.pandora.payment.R$attr
io.dcloud.pandora.payment.R$drawable
io.dcloud.pandora.payment.R$id
io.dcloud.pandora.payment.R$layout
io.dcloud.pandora.payment.R$string
io.dcloud.pandora.payment.R$style
io.dcloud.pandora.payment.R$styleable:
    242:242:public R$styleable()
...
com.alipay.sdk.tid.TidDbHelper:
    private static final java.lang.String a
    private static final int b
    109:131:private long d(java.lang.String,java.lang.String)
    135:161:private java.util.List a()
    211:216:private void a(android.database.sqlite.SQLiteDatabase,java.lang.String,java.lang.String,java.lang.String,java.lang.String)
    236:258:private static void a(android.database.sqlite.SQLiteDatabase)
com.alipay.sdk.tid.TidInfo:
    71:71:private boolean e()
    104:108:private static java.lang.String f()
com.alipay.sdk.util.ActionUtil:
    17:17:public ActionUtil()
com.alipay.sdk.util.AuthHelper:
    private static final java.lang.String b
    private static final int c
    22:22:public AuthHelper()
com.alipay.sdk.util.DeviceInfo:
    static final java.lang.String a
    static final java.lang.String b
    static final java.lang.String c
    private static final java.lang.String d
    70:76:private void a(java.lang.String)
    97:110:private java.lang.String d()
com.alipay.sdk.util.FileDownloader:
    48:50:private FileDownloader(boolean)
    61:62:private void a(boolean)
    147:155:private void f()
    181:198:private void g()
com.alipay.sdk.util.JsonUtils:
    20:20:public JsonUtils()
com.alipay.sdk.util.LogUtils
com.alipay.sdk.util.NetConnectionType:
    56:56:private int b()
    64:65:private void a(java.lang.String)
com.alipay.sdk.util.PayHelper:
    public static final java.lang.String a
com.alipay.sdk.util.Utils:
    static final java.lang.String a
    static final java.lang.String b
    private static final java.lang.String c
    private static final java.lang.String d
    46:46:public Utils()
    124:133:private static boolean g(android.content.Context)
    138:145:private static void a(java.lang.String,java.lang.String)
    243:248:private static android.util.DisplayMetrics h(android.content.Context)
    253:277:private static boolean a(android.content.Context,java.lang.String,java.lang.String)
com.alipay.sdk.widget.Loading:
    33:34:private void a(java.lang.String)
com.alipay.sdk.widget.SystemDefaultDialog:
    14:14:public SystemDefaultDialog()
    47:71:private static android.app.AlertDialog$Builder a(android.content.Context,java.lang.String,android.content.DialogInterface$OnClickListener,java.lang.String,android.content.DialogInterface$OnClickListener)
com.ta.utdid2.android.utils.AESUtils:
    public static final java.lang.String TAG
    12:12:public AESUtils()
    76:76:public static java.lang.String toHex(java.lang.String)
    80:80:public static java.lang.String fromHex(java.lang.String)
com.ta.utdid2.android.utils.Base64:
    public static final int DEFAULT
    public static final int NO_PADDING
    public static final int NO_WRAP
    public static final int CRLF
    public static final int URL_SAFE
    public static final int NO_CLOSE
    489:492:public static java.lang.String encodeToString(byte[],int,int,int)
com.ta.utdid2.android.utils.Base64$Coder:
    public abstract boolean process(byte[],int,int,boolean)
    public abstract int maxOutputSize(int)
com.ta.utdid2.android.utils.Base64$Decoder:
    private static final int SKIP
    private static final int EQUALS
    261:261:public int maxOutputSize(int)
com.ta.utdid2.android.utils.Base64$Encoder:
    public static final int LINE_GROUPS
    620:620:public int maxOutputSize(int)
com.ta.utdid2.android.utils.IntUtils:
    3:3:public IntUtils()
    19:30:public static byte[] getBytes(byte[],int)
com.ta.utdid2.android.utils.NetworkUtils
com.ta.utdid2.android.utils.PhoneInfoUtils:
    9:9:public PhoneInfoUtils()
com.ta.utdid2.android.utils.StringUtils:
    3:3:public StringUtils()
    12:35:public static java.lang.String convertObjectToString(java.lang.Object)
com.ta.utdid2.android.utils.SystemUtils
com.ta.utdid2.core.persistent.FastXmlSerializer:
    private static final int BUFFER_LEN